MODEL GENERATOR: PyTorch: LogisticRegression(
  (linear): LinearLayer(
    (embedding): Embedding(596591, 1)
  )
)
###################-STARTED TRAINING-###################
TRAIN:	 Epoch:   1 | BCE Loss: 1.35329 
TRAIN:	 Epoch:   2 | BCE Loss: 0.57573 
TRAIN:	 Epoch:   3 | BCE Loss: 0.50391 
TRAIN:	 Epoch:   4 | BCE Loss: 0.47358 
TRAIN:	 Epoch:   5 | BCE Loss: 0.45579 
TRAIN:	 Epoch:   6 | BCE Loss: 0.44285 
TRAIN:	 Epoch:   7 | BCE Loss: 0.43229 
TRAIN:	 Epoch:   8 | BCE Loss: 0.42315 
TRAIN:	 Epoch:   9 | BCE Loss: 0.41495 
TRAIN:	 Epoch:  10 | BCE Loss: 0.40735 
###################-FINISHED TRAINING-###################
###################-STARTED TESTING-###################
TEST:	 BCE Loss: 0.71197 | ROC AUC: 0.50556 | Accuracy: 0.65049
###################-FINISHED TESTING-###################
