MODEL GENERATOR: PyTorch: DeepEmbed(
  (embedding): EmbeddingLayer(
    (embedding): Embedding(1396591, 10)
  )
  (mlp): MultiLayerPerceptronLayer(
    (mlp): Sequential(
      (0): Linear(in_features=220, out_features=441, bias=True)
      (1): BatchNorm1d(441, eps=1e-05, momentum=0.1, affine=True, track_running_stats=True)
      (2): ReLU()
      (3): Dropout(p=0.073, inplace=False)
      (4): Linear(in_features=441, out_features=48, bias=True)
      (5): BatchNorm1d(48, eps=1e-05, momentum=0.1, affine=True, track_running_stats=True)
      (6): ReLU()
      (7): Dropout(p=0.073, inplace=False)
      (8): Linear(in_features=48, out_features=266, bias=True)
      (9): BatchNorm1d(266, eps=1e-05, momentum=0.1, affine=True, track_running_stats=True)
      (10): ReLU()
      (11): Dropout(p=0.073, inplace=False)
      (12): Linear(in_features=266, out_features=111, bias=True)
      (13): BatchNorm1d(111, eps=1e-05, momentum=0.1, affine=True, track_running_stats=True)
      (14): ReLU()
      (15): Dropout(p=0.073, inplace=False)
      (16): Linear(in_features=111, out_features=1, bias=True)
    )
  )
)
###################-STARTED TRAINING-###################
TRAIN:	 Epoch:   1 | BCE Loss: 0.40760 
TRAIN:	 Epoch:   2 | BCE Loss: 0.36950 
TRAIN:	 Epoch:   3 | BCE Loss: 0.18342 
TRAIN:	 Epoch:   4 | BCE Loss: 0.04949 
TRAIN:	 Epoch:   5 | BCE Loss: 0.01487 
TRAIN:	 Epoch:   6 | BCE Loss: 0.01349 
TRAIN:	 Epoch:   7 | BCE Loss: 0.01904 
TRAIN:	 Epoch:   8 | BCE Loss: 0.01571 
TRAIN:	 Epoch:   9 | BCE Loss: 0.01099 
TRAIN:	 Epoch:  10 | BCE Loss: 0.00901 
TRAIN:	 Epoch:  11 | BCE Loss: 0.00950 
TRAIN:	 Epoch:  12 | BCE Loss: 0.01001 
TRAIN:	 Epoch:  13 | BCE Loss: 0.00915 
TRAIN:	 Epoch:  14 | BCE Loss: 0.00838 
TRAIN:	 Epoch:  15 | BCE Loss: 0.00815 
TRAIN:	 Epoch:  16 | BCE Loss: 0.00745 
TRAIN:	 Epoch:  17 | BCE Loss: 0.00678 
###################-FINISHED TRAINING-###################
###################-STARTED TESTING-###################
TEST:	 BCE Loss: 2.18269 | ROC AUC: 0.50625 | Accuracy: 0.77677
###################-FINISHED TESTING-###################
