MODEL GENERATOR: PyTorch: DeepEmbed(
  (embedding): EmbeddingLayer(
    (embedding): Embedding(1396591, 16)
  )
  (mlp): MultiLayerPerceptronLayer(
    (mlp): Sequential(
      (0): Linear(in_features=352, out_features=300, bias=True)
      (1): ReLU()
      (2): Dropout(p=0.2, inplace=False)
      (3): Linear(in_features=300, out_features=300, bias=True)
      (4): ReLU()
      (5): Dropout(p=0.2, inplace=False)
      (6): Linear(in_features=300, out_features=300, bias=True)
      (7): ReLU()
      (8): Dropout(p=0.2, inplace=False)
      (9): Linear(in_features=300, out_features=1, bias=True)
    )
  )
)
###################-STARTED TRAINING-###################
TRAIN:	 Epoch:   1 | BCE Loss: 0.41454 
TRAIN:	 Epoch:   2 | BCE Loss: 0.40378 
TRAIN:	 Epoch:   3 | BCE Loss: 0.39567 
TRAIN:	 Epoch:   4 | BCE Loss: 0.38071 
TRAIN:	 Epoch:   5 | BCE Loss: 0.35822 
TRAIN:	 Epoch:   6 | BCE Loss: 0.33084 
TRAIN:	 Epoch:   7 | BCE Loss: 0.29975 
TRAIN:	 Epoch:   8 | BCE Loss: 0.26681 
TRAIN:	 Epoch:   9 | BCE Loss: 0.23340 
TRAIN:	 Epoch:  10 | BCE Loss: 0.20086 
###################-FINISHED TRAINING-###################
###################-STARTED TESTING-###################
TEST:	 BCE Loss: 2.51594 | ROC AUC: 0.49844 | Accuracy: 0.82272
###################-FINISHED TESTING-###################
