A new study created in RDB with name: Avazu-DeepEmbed-Hyperparameter-Tuning
###################-STARTED TRAINING-###################
OPTUNA TUNER: TRAIN:	 Epoch:   1 | BCE Loss: 0.56807
OPTUNA TUNER: TRAIN:	 Epoch:   2 | BCE Loss: 0.47516
OPTUNA TUNER: TRAIN:	 Epoch:   3 | BCE Loss: 0.45031
OPTUNA TUNER: TRAIN:	 Epoch:   4 | BCE Loss: 0.44293
OPTUNA TUNER: TRAIN:	 Epoch:   5 | BCE Loss: 0.43969
OPTUNA TUNER: TRAIN:	 Epoch:   6 | BCE Loss: 0.43716
OPTUNA TUNER: TRAIN:	 Epoch:   7 | BCE Loss: 0.43488
OPTUNA TUNER: TRAIN:	 Epoch:   8 | BCE Loss: 0.43305
OPTUNA TUNER: TRAIN:	 Epoch:   9 | BCE Loss: 0.43125
OPTUNA TUNER: TRAIN:	 Epoch:  10 | BCE Loss: 0.43002
###################-FINISHED TRAINING-###################
Trial 0 finished with value: 0.4300231463663917 and parameters: {'embed_dim': 5, 'dropout': 0.47386630638731103, 'optimizer': 'Adam', 'learning_rate': 1.955856969236841e-05}. Best is trial 0 with value: 0.4300231463663917.
###################-STARTED TRAINING-###################
OPTUNA TUNER: TRAIN:	 Epoch:   1 | BCE Loss: 0.41174
OPTUNA TUNER: TRAIN:	 Epoch:   2 | BCE Loss: 0.39644
OPTUNA TUNER: TRAIN:	 Epoch:   3 | BCE Loss: 0.34943
OPTUNA TUNER: TRAIN:	 Epoch:   4 | BCE Loss: 0.24209
OPTUNA TUNER: TRAIN:	 Epoch:   5 | BCE Loss: 0.13417
OPTUNA TUNER: TRAIN:	 Epoch:   6 | BCE Loss: 0.06320
OPTUNA TUNER: TRAIN:	 Epoch:   7 | BCE Loss: 0.02724
OPTUNA TUNER: TRAIN:	 Epoch:   8 | BCE Loss: 0.01117
OPTUNA TUNER: TRAIN:	 Epoch:   9 | BCE Loss: 0.00495
OPTUNA TUNER: TRAIN:	 Epoch:  10 | BCE Loss: 0.00266
###################-FINISHED TRAINING-###################
Trial 1 finished with value: 0.0026577328574671003 and parameters: {'embed_dim': 28, 'dropout': 0.23528548856977904, 'optimizer': 'Adam', 'learning_rate': 0.0028499644937709356}. Best is trial 1 with value: 0.0026577328574671003.
###################-STARTED TRAINING-###################
OPTUNA TUNER: TRAIN:	 Epoch:   1 | BCE Loss: 0.41235
OPTUNA TUNER: TRAIN:	 Epoch:   2 | BCE Loss: 0.40078
OPTUNA TUNER: TRAIN:	 Epoch:   3 | BCE Loss: 0.39155
OPTUNA TUNER: TRAIN:	 Epoch:   4 | BCE Loss: 0.37217
OPTUNA TUNER: TRAIN:	 Epoch:   5 | BCE Loss: 0.33992
OPTUNA TUNER: TRAIN:	 Epoch:   6 | BCE Loss: 0.29858
OPTUNA TUNER: TRAIN:	 Epoch:   7 | BCE Loss: 0.25262
OPTUNA TUNER: TRAIN:	 Epoch:   8 | BCE Loss: 0.20658
OPTUNA TUNER: TRAIN:	 Epoch:   9 | BCE Loss: 0.16376
OPTUNA TUNER: TRAIN:	 Epoch:  10 | BCE Loss: 0.12571
###################-FINISHED TRAINING-###################
Trial 2 finished with value: 0.1257086290191901 and parameters: {'embed_dim': 22, 'dropout': 0.08114011282526745, 'optimizer': 'Adam', 'learning_rate': 0.0012169123999510388}. Best is trial 1 with value: 0.0026577328574671003.
###################-STARTED TRAINING-###################
OPTUNA TUNER: TRAIN:	 Epoch:   1 | BCE Loss: 0.52046
OPTUNA TUNER: TRAIN:	 Epoch:   2 | BCE Loss: 0.42582
OPTUNA TUNER: TRAIN:	 Epoch:   3 | BCE Loss: 0.40985
OPTUNA TUNER: TRAIN:	 Epoch:   4 | BCE Loss: 0.40415
OPTUNA TUNER: TRAIN:	 Epoch:   5 | BCE Loss: 0.40109
OPTUNA TUNER: TRAIN:	 Epoch:   6 | BCE Loss: 0.39842
OPTUNA TUNER: TRAIN:	 Epoch:   7 | BCE Loss: 0.39635
OPTUNA TUNER: TRAIN:	 Epoch:   8 | BCE Loss: 0.39417
OPTUNA TUNER: TRAIN:	 Epoch:   9 | BCE Loss: 0.39220
OPTUNA TUNER: TRAIN:	 Epoch:  10 | BCE Loss: 0.38999
###################-FINISHED TRAINING-###################
Trial 3 finished with value: 0.38998824389715453 and parameters: {'embed_dim': 63, 'dropout': 0.04075862777048722, 'optimizer': 'Adam', 'learning_rate': 1.8102010690377773e-05}. Best is trial 1 with value: 0.0026577328574671003.
###################-STARTED TRAINING-###################
OPTUNA TUNER: TRAIN:	 Epoch:   1 | BCE Loss: 0.41308
OPTUNA TUNER: TRAIN:	 Epoch:   2 | BCE Loss: 0.39397
OPTUNA TUNER: TRAIN:	 Epoch:   3 | BCE Loss: 0.32555
OPTUNA TUNER: TRAIN:	 Epoch:   4 | BCE Loss: 0.19092
OPTUNA TUNER: TRAIN:	 Epoch:   5 | BCE Loss: 0.08355
OPTUNA TUNER: TRAIN:	 Epoch:   6 | BCE Loss: 0.02975
OPTUNA TUNER: TRAIN:	 Epoch:   7 | BCE Loss: 0.00995
OPTUNA TUNER: TRAIN:	 Epoch:   8 | BCE Loss: 0.00371
OPTUNA TUNER: TRAIN:	 Epoch:   9 | BCE Loss: 0.00176
OPTUNA TUNER: TRAIN:	 Epoch:  10 | BCE Loss: 0.00174
###################-FINISHED TRAINING-###################
Trial 4 finished with value: 0.0017366313138835045 and parameters: {'embed_dim': 61, 'dropout': 0.2955831875017281, 'optimizer': 'Adam', 'learning_rate': 0.0022824814617904594}. Best is trial 4 with value: 0.0017366313138835045.
###################-STARTED TRAINING-###################
OPTUNA TUNER: TRAIN:	 Epoch:   1 | BCE Loss: 0.41043
OPTUNA TUNER: TRAIN:	 Epoch:   2 | BCE Loss: 0.37244
OPTUNA TUNER: TRAIN:	 Epoch:   3 | BCE Loss: 0.16304
OPTUNA TUNER: TRAIN:	 Epoch:   4 | BCE Loss: 0.02306
OPTUNA TUNER: TRAIN:	 Epoch:   5 | BCE Loss: 0.00250
OPTUNA TUNER: TRAIN:	 Epoch:   6 | BCE Loss: 0.00132
OPTUNA TUNER: TRAIN:	 Epoch:   7 | BCE Loss: 0.00138
OPTUNA TUNER: TRAIN:	 Epoch:   8 | BCE Loss: 0.00180
OPTUNA TUNER: TRAIN:	 Epoch:   9 | BCE Loss: 0.00273
OPTUNA TUNER: TRAIN:	 Epoch:  10 | BCE Loss: 0.00412
###################-FINISHED TRAINING-###################
Trial 5 finished with value: 0.004118499757002875 and parameters: {'embed_dim': 88, 'dropout': 0.3096842933215271, 'optimizer': 'Adam', 'learning_rate': 0.004043768052433293}. Best is trial 4 with value: 0.0017366313138835045.
###################-STARTED TRAINING-###################
OPTUNA TUNER: TRAIN:	 Epoch:   1 | BCE Loss: 0.42337
OPTUNA TUNER: TRAIN:	 Epoch:   2 | BCE Loss: 0.40749
OPTUNA TUNER: TRAIN:	 Epoch:   3 | BCE Loss: 0.40181
OPTUNA TUNER: TRAIN:	 Epoch:   4 | BCE Loss: 0.39399
OPTUNA TUNER: TRAIN:	 Epoch:   5 | BCE Loss: 0.37838
OPTUNA TUNER: TRAIN:	 Epoch:   6 | BCE Loss: 0.35557
OPTUNA TUNER: TRAIN:	 Epoch:   7 | BCE Loss: 0.32716
OPTUNA TUNER: TRAIN:	 Epoch:   8 | BCE Loss: 0.29592
OPTUNA TUNER: TRAIN:	 Epoch:   9 | BCE Loss: 0.26316
OPTUNA TUNER: TRAIN:	 Epoch:  10 | BCE Loss: 0.23100
###################-FINISHED TRAINING-###################
Trial 6 finished with value: 0.23099755406429529 and parameters: {'embed_dim': 14, 'dropout': 0.4160332064470888, 'optimizer': 'Adam', 'learning_rate': 0.0012207224840304967}. Best is trial 4 with value: 0.0017366313138835045.
###################-STARTED TRAINING-###################
OPTUNA TUNER: TRAIN:	 Epoch:   1 | BCE Loss: 0.42101
OPTUNA TUNER: TRAIN:	 Epoch:   2 | BCE Loss: 0.40486
OPTUNA TUNER: TRAIN:	 Epoch:   3 | BCE Loss: 0.39852
OPTUNA TUNER: TRAIN:	 Epoch:   4 | BCE Loss: 0.38828
OPTUNA TUNER: TRAIN:	 Epoch:   5 | BCE Loss: 0.37015
OPTUNA TUNER: TRAIN:	 Epoch:   6 | BCE Loss: 0.34451
OPTUNA TUNER: TRAIN:	 Epoch:   7 | BCE Loss: 0.31414
OPTUNA TUNER: TRAIN:	 Epoch:   8 | BCE Loss: 0.28148
OPTUNA TUNER: TRAIN:	 Epoch:   9 | BCE Loss: 0.24757
OPTUNA TUNER: TRAIN:	 Epoch:  10 | BCE Loss: 0.21439
###################-FINISHED TRAINING-###################
Trial 7 finished with value: 0.2143896556100692 and parameters: {'embed_dim': 97, 'dropout': 0.3339277437895998, 'optimizer': 'Adam', 'learning_rate': 0.00044924678050089}. Best is trial 4 with value: 0.0017366313138835045.
###################-STARTED TRAINING-###################
OPTUNA TUNER: TRAIN:	 Epoch:   1 | BCE Loss: 0.54759
OPTUNA TUNER: TRAIN:	 Epoch:   2 | BCE Loss: 0.44495
OPTUNA TUNER: TRAIN:	 Epoch:   3 | BCE Loss: 0.42243
OPTUNA TUNER: TRAIN:	 Epoch:   4 | BCE Loss: 0.41489
OPTUNA TUNER: TRAIN:	 Epoch:   5 | BCE Loss: 0.41141
OPTUNA TUNER: TRAIN:	 Epoch:   6 | BCE Loss: 0.40919
OPTUNA TUNER: TRAIN:	 Epoch:   7 | BCE Loss: 0.40748
OPTUNA TUNER: TRAIN:	 Epoch:   8 | BCE Loss: 0.40609
OPTUNA TUNER: TRAIN:	 Epoch:   9 | BCE Loss: 0.40476
OPTUNA TUNER: TRAIN:	 Epoch:  10 | BCE Loss: 0.40382
###################-FINISHED TRAINING-###################
Trial 8 finished with value: 0.4038175247994065 and parameters: {'embed_dim': 56, 'dropout': 0.23665865632364846, 'optimizer': 'Adam', 'learning_rate': 1.8448416183882814e-05}. Best is trial 4 with value: 0.0017366313138835045.
###################-STARTED TRAINING-###################
OPTUNA TUNER: TRAIN:	 Epoch:   1 | BCE Loss: 0.42445
OPTUNA TUNER: TRAIN:	 Epoch:   2 | BCE Loss: 0.40706
OPTUNA TUNER: TRAIN:	 Epoch:   3 | BCE Loss: 0.40211
OPTUNA TUNER: TRAIN:	 Epoch:   4 | BCE Loss: 0.39721
OPTUNA TUNER: TRAIN:	 Epoch:   5 | BCE Loss: 0.38875
OPTUNA TUNER: TRAIN:	 Epoch:   6 | BCE Loss: 0.37671
OPTUNA TUNER: TRAIN:	 Epoch:   7 | BCE Loss: 0.36141
OPTUNA TUNER: TRAIN:	 Epoch:   8 | BCE Loss: 0.34300
OPTUNA TUNER: TRAIN:	 Epoch:   9 | BCE Loss: 0.32297
OPTUNA TUNER: TRAIN:	 Epoch:  10 | BCE Loss: 0.30173
###################-FINISHED TRAINING-###################
Trial 9 finished with value: 0.3017307064571815 and parameters: {'embed_dim': 38, 'dropout': 0.3511399631426427, 'optimizer': 'Adam', 'learning_rate': 0.0005169773148367209}. Best is trial 4 with value: 0.0017366313138835045.
Number of finished trials: 10
Best trial:
  Value: 0.0017366313138835045
  Params: 
    embed_dim: 61
    dropout: 0.2955831875017281
    optimizer: Adam
    learning_rate: 0.0022824814617904594
