MODEL GENERATOR: PyTorch: LogisticRegression(
  (linear): LinearLayer(
    (fc): Embedding(1396615, 1)
  )
)
###################-STARTED TRAINING-###################
TRAIN:	 Epoch:   1 | BCE Loss: 1.17308 
TRAIN:	 Epoch:   2 | BCE Loss: 0.73511 
TRAIN:	 Epoch:   3 | BCE Loss: 0.61530 
TRAIN:	 Epoch:   4 | BCE Loss: 0.55692 
TRAIN:	 Epoch:   5 | BCE Loss: 0.52194 
TRAIN:	 Epoch:   6 | BCE Loss: 0.49733 
TRAIN:	 Epoch:   7 | BCE Loss: 0.47810 
TRAIN:	 Epoch:   8 | BCE Loss: 0.46196 
TRAIN:	 Epoch:   9 | BCE Loss: 0.44807 
TRAIN:	 Epoch:  10 | BCE Loss: 0.43518 
###################-FINISHED TRAINING-###################
###################-STARTED TESTING-###################
TEST:	 BCE Loss: 0.93500 | ROC AUC: 0.44825 | Accuracy: 0.80041
###################-FINISHED TESTING-###################
