MODEL GENERATOR: PyTorch: LogisticRegression(
  (linear): LinearLayer(
    (fc): Embedding(1396807, 1)
  )
)
###################-STARTED TRAINING-###################
TRAIN:	 Epoch:   1 | BCE Loss: 0.89900 
TRAIN:	 Epoch:   2 | BCE Loss: 0.60579 
TRAIN:	 Epoch:   3 | BCE Loss: 0.53871 
TRAIN:	 Epoch:   4 | BCE Loss: 0.50522 
TRAIN:	 Epoch:   5 | BCE Loss: 0.48233 
TRAIN:	 Epoch:   6 | BCE Loss: 0.46387 
TRAIN:	 Epoch:   7 | BCE Loss: 0.44780 
TRAIN:	 Epoch:   8 | BCE Loss: 0.43336 
TRAIN:	 Epoch:   9 | BCE Loss: 0.41986 
TRAIN:	 Epoch:  10 | BCE Loss: 0.40722 
###################-FINISHED TRAINING-###################
###################-STARTED TESTING-###################
TEST:	 BCE Loss: 0.73300 | ROC AUC: 0.47633 | Accuracy: 0.77982
###################-FINISHED TESTING-###################
