MODEL GENERATOR: PyTorch: LogisticRegression(
  (linear): LinearLayer(
    (fc): Embedding(800000, 1)
  )
)
###################-STARTED TRAINING-###################
TRAIN:	 Epoch:   1 | BCE Loss: 0.80905 
TRAIN:	 Epoch:   2 | BCE Loss: 0.59042 
TRAIN:	 Epoch:   3 | BCE Loss: 0.53536 
TRAIN:	 Epoch:   4 | BCE Loss: 0.50446 
TRAIN:	 Epoch:   5 | BCE Loss: 0.48210 
TRAIN:	 Epoch:   6 | BCE Loss: 0.46380 
TRAIN:	 Epoch:   7 | BCE Loss: 0.44779 
TRAIN:	 Epoch:   8 | BCE Loss: 0.43326 
TRAIN:	 Epoch:   9 | BCE Loss: 0.41976 
TRAIN:	 Epoch:  10 | BCE Loss: 0.40708 
TRAIN:	 Epoch:  11 | BCE Loss: 0.39500 
TRAIN:	 Epoch:  12 | BCE Loss: 0.38357 
TRAIN:	 Epoch:  13 | BCE Loss: 0.37253 
TRAIN:	 Epoch:  14 | BCE Loss: 0.36205 
TRAIN:	 Epoch:  15 | BCE Loss: 0.35184 
###################-FINISHED TRAINING-###################
###################-STARTED TESTING-###################
TEST:	 BCE Loss: 0.72638 | ROC AUC: 0.48933 | Accuracy: 0.67214
###################-FINISHED TESTING-###################
