MODEL GENERATOR: PyTorch: LogisticRegression(
  (linear): LinearLayer(
    (fc): Embedding(1396615, 1)
  )
)
###################-STARTED TRAINING-###################
TRAIN:	 Epoch:   1 | BCE Loss: 0.98331 
TRAIN:	 Epoch:   2 | BCE Loss: 0.61967 
TRAIN:	 Epoch:   3 | BCE Loss: 0.54354 
TRAIN:	 Epoch:   4 | BCE Loss: 0.50753 
TRAIN:	 Epoch:   5 | BCE Loss: 0.48333 
TRAIN:	 Epoch:   6 | BCE Loss: 0.46414 
TRAIN:	 Epoch:   7 | BCE Loss: 0.44763 
TRAIN:	 Epoch:   8 | BCE Loss: 0.43275 
TRAIN:	 Epoch:   9 | BCE Loss: 0.41913 
TRAIN:	 Epoch:  10 | BCE Loss: 0.40622 
TRAIN:	 Epoch:  11 | BCE Loss: 0.39414 
TRAIN:	 Epoch:  12 | BCE Loss: 0.38258 
TRAIN:	 Epoch:  13 | BCE Loss: 0.37155 
TRAIN:	 Epoch:  14 | BCE Loss: 0.36095 
TRAIN:	 Epoch:  15 | BCE Loss: 0.35078 
TRAIN:	 Epoch:  16 | BCE Loss: 0.34103 
TRAIN:	 Epoch:  17 | BCE Loss: 0.33158 
TRAIN:	 Epoch:  18 | BCE Loss: 0.32252 
TRAIN:	 Epoch:  19 | BCE Loss: 0.31377 
TRAIN:	 Epoch:  20 | BCE Loss: 0.30531 
TRAIN:	 Epoch:  21 | BCE Loss: 0.29716 
TRAIN:	 Epoch:  22 | BCE Loss: 0.28923 
TRAIN:	 Epoch:  23 | BCE Loss: 0.28163 
TRAIN:	 Epoch:  24 | BCE Loss: 0.27423 
TRAIN:	 Epoch:  25 | BCE Loss: 0.26714 
TRAIN:	 Epoch:  26 | BCE Loss: 0.26027 
TRAIN:	 Epoch:  27 | BCE Loss: 0.25358 
TRAIN:	 Epoch:  28 | BCE Loss: 0.24714 
TRAIN:	 Epoch:  29 | BCE Loss: 0.24093 
TRAIN:	 Epoch:  30 | BCE Loss: 0.23491 
TRAIN:	 Epoch:  31 | BCE Loss: 0.22907 
TRAIN:	 Epoch:  32 | BCE Loss: 0.22347 
TRAIN:	 Epoch:  33 | BCE Loss: 0.21800 
TRAIN:	 Epoch:  34 | BCE Loss: 0.21272 
TRAIN:	 Epoch:  35 | BCE Loss: 0.20762 
TRAIN:	 Epoch:  36 | BCE Loss: 0.20266 
TRAIN:	 Epoch:  37 | BCE Loss: 0.19790 
TRAIN:	 Epoch:  38 | BCE Loss: 0.19326 
TRAIN:	 Epoch:  39 | BCE Loss: 0.18878 
TRAIN:	 Epoch:  40 | BCE Loss: 0.18443 
TRAIN:	 Epoch:  41 | BCE Loss: 0.18022 
TRAIN:	 Epoch:  42 | BCE Loss: 0.17615 
TRAIN:	 Epoch:  43 | BCE Loss: 0.17221 
TRAIN:	 Epoch:  44 | BCE Loss: 0.16835 
TRAIN:	 Epoch:  45 | BCE Loss: 0.16464 
TRAIN:	 Epoch:  46 | BCE Loss: 0.16103 
TRAIN:	 Epoch:  47 | BCE Loss: 0.15754 
TRAIN:	 Epoch:  48 | BCE Loss: 0.15414 
TRAIN:	 Epoch:  49 | BCE Loss: 0.15087 
TRAIN:	 Epoch:  50 | BCE Loss: 0.14766 
###################-FINISHED TRAINING-###################
###################-STARTED TESTING-###################
TEST:	 BCE Loss: 0.89953 | ROC AUC: 0.48102 | Accuracy: 0.78154
###################-FINISHED TESTING-###################
