MODEL GENERATOR: PyTorch: LogisticRegression(
  (linear): LinearLayer(
    (fc): Embedding(1396591, 1)
  )
)
###################-STARTED TRAINING-###################
TRAIN:	 Epoch:   1 | BCE Loss: 1.09508 
TRAIN:	 Epoch:   2 | BCE Loss: 0.62406 
TRAIN:	 Epoch:   3 | BCE Loss: 0.54831 
TRAIN:	 Epoch:   4 | BCE Loss: 0.51142 
TRAIN:	 Epoch:   5 | BCE Loss: 0.48717 
TRAIN:	 Epoch:   6 | BCE Loss: 0.46803 
TRAIN:	 Epoch:   7 | BCE Loss: 0.45149 
TRAIN:	 Epoch:   8 | BCE Loss: 0.43657 
TRAIN:	 Epoch:   9 | BCE Loss: 0.42280 
TRAIN:	 Epoch:  10 | BCE Loss: 0.40986 
###################-FINISHED TRAINING-###################
###################-STARTED TESTING-###################
TEST:	 BCE Loss: 0.72115 | ROC AUC: 0.47219 | Accuracy: 0.75167
###################-FINISHED TESTING-###################
