MODEL GENERATOR: PyTorch: DeepEmbed(
  (embedding): EmbeddingLayer(
    (embedding): Embedding(1396591, 16)
  )
  (mlp): MultiLayerPerceptronLayer(
    (mlp): Sequential(
      (0): Linear(in_features=352, out_features=300, bias=True)
      (1): ReLU()
      (2): Dropout(p=0.2, inplace=False)
      (3): Linear(in_features=300, out_features=300, bias=True)
      (4): ReLU()
      (5): Dropout(p=0.2, inplace=False)
      (6): Linear(in_features=300, out_features=300, bias=True)
      (7): ReLU()
      (8): Dropout(p=0.2, inplace=False)
      (9): Linear(in_features=300, out_features=1, bias=True)
    )
  )
)
###################-STARTED TRAINING-###################
TRAIN:	 Epoch:   1 | BCE Loss: 0.41592 
TRAIN:	 Epoch:   2 | BCE Loss: 0.40474 
TRAIN:	 Epoch:   3 | BCE Loss: 0.39822 
TRAIN:	 Epoch:   4 | BCE Loss: 0.38789 
TRAIN:	 Epoch:   5 | BCE Loss: 0.37096 
TRAIN:	 Epoch:   6 | BCE Loss: 0.34823 
TRAIN:	 Epoch:   7 | BCE Loss: 0.32181 
TRAIN:	 Epoch:   8 | BCE Loss: 0.29312 
TRAIN:	 Epoch:   9 | BCE Loss: 0.26366 
TRAIN:	 Epoch:  10 | BCE Loss: 0.23416 
###################-FINISHED TRAINING-###################
###################-STARTED TESTING-###################
TEST:	 BCE Loss: 2.02612 | ROC AUC: 0.49718 | Accuracy: 0.82283
###################-FINISHED TESTING-###################
